# JRE version: OpenJDK Runtime Environment (8.0_212-b04) (build 1.8.0_212-release-1586-b04)
# Java VM: OpenJDK 64-Bit Server VM (25.212-b04 mixed mode windows-amd64 compressed oops)
Heap:
 PSYoungGen      total 495616K, used 14042K [0x00000000e0000000, 0x0000000100000000, 0x0000000100000000)
  eden space 468480K, 2% used [0x00000000e0000000,0x00000000e0db6980,0x00000000fc980000)
  from space 27136K, 0% used [0x00000000fc980000,0x00000000fc980000,0x00000000fe400000)
  to   space 28672K, 0% used [0x00000000fe400000,0x00000000fe400000,0x0000000100000000)
 ParOldGen       total 190976K, used 67305K [0x00000000a0000000, 0x00000000aba80000, 0x00000000e0000000)
  object space 190976K, 35% used [0x00000000a0000000,0x00000000a41ba7a0,0x00000000aba80000)
 Metaspace       used 93203K, capacity 97678K, committed 98496K, reserved 1134592K
  class space    used 12225K, capacity 13125K, committed 13400K, reserved 1048576K
GC Heap History (10 events):
Event: 14.722 GC heap before
{Heap before GC invocations=13 (full 3):
 PSYoungGen      total 361984K, used 339456K [0x00000000e0000000, 0x00000000feb00000, 0x0000000100000000)
  eden space 339456K, 100% used [0x00000000e0000000,0x00000000f4b80000,0x00000000f4b80000)
  from space 22528K, 0% used [0x00000000f4b80000,0x00000000f4b80000,0x00000000f6180000)
  to   space 24064K, 0% used [0x00000000fd380000,0x00000000fd380000,0x00000000feb00000)
 ParOldGen       total 120320K, used 30753K [0x00000000a0000000, 0x00000000a7580000, 0x00000000e0000000)
  object space 120320K, 25% used [0x00000000a0000000,0x00000000a1e08640,0x00000000a7580000)
 Metaspace       used 69801K, capacity 73210K, committed 73304K, reserved 1112064K
  class space    used 9610K, capacity 10284K, committed 10328K, reserved 1048576K
Event: 14.767 GC heap after
Heap after GC invocations=13 (full 3):
 PSYoungGen      total 461312K, used 24057K [0x00000000e0000000, 0x00000000feb00000, 0x0000000100000000)
  eden space 437248K, 0% used [0x00000000e0000000,0x00000000e0000000,0x00000000fab00000)
  from space 24064K, 99% used [0x00000000fd380000,0x00000000feafe4c0,0x00000000feb00000)
  to   space 27648K, 0% used [0x00000000fb500000,0x00000000fb500000,0x00000000fd000000)
 ParOldGen       total 120320K, used 31685K [0x00000000a0000000, 0x00000000a7580000, 0x00000000e0000000)
  object space 120320K, 26% used [0x00000000a0000000,0x00000000a1ef1668,0x00000000a7580000)
 Metaspace       used 69801K, capacity 73210K, committed 73304K, reserved 1112064K
  class space    used 9610K, capacity 10284K, committed 10328K, reserved 1048576K
}
Event: 16.158 GC heap before
{Heap before GC invocations=14 (full 3):
 PSYoungGen      total 461312K, used 461305K [0x00000000e0000000, 0x00000000feb00000, 0x0000000100000000)
  eden space 437248K, 100% used [0x00000000e0000000,0x00000000fab00000,0x00000000fab00000)
  from space 24064K, 99% used [0x00000000fd380000,0x00000000feafe4c0,0x00000000feb00000)
  to   space 27648K, 0% used [0x00000000fb500000,0x00000000fb500000,0x00000000fd000000)
 ParOldGen       total 120320K, used 31685K [0x00000000a0000000, 0x00000000a7580000, 0x00000000e0000000)
  object space 120320K, 26% used [0x00000000a0000000,0x00000000a1ef1668,0x00000000a7580000)
 Metaspace       used 70508K, capacity 74014K, committed 74072K, reserved 1114112K
  class space    used 9652K, capacity 10328K, committed 10328K, reserved 1048576K
Event: 16.180 GC heap after
Heap after GC invocations=14 (full 3):
 PSYoungGen      total 475136K, used 1568K [0x00000000e0000000, 0x0000000100000000, 0x0000000100000000)
  eden space 447488K, 0% used [0x00000000e0000000,0x00000000e0000000,0x00000000fb500000)
  from space 27648K, 5% used [0x00000000fb500000,0x00000000fb688000,0x00000000fd000000)
  to   space 28160K, 0% used [0x00000000fe480000,0x00000000fe480000,0x0000000100000000)
 ParOldGen       total 120320K, used 44556K [0x00000000a0000000, 0x00000000a7580000, 0x00000000e0000000)
  object space 120320K, 37% used [0x00000000a0000000,0x00000000a2b83080,0x00000000a7580000)
 Metaspace       used 70508K, capacity 74014K, committed 74072K, reserved 1114112K
  class space    used 9652K, capacity 10328K, committed 10328K, reserved 1048576K
}
Event: 27.957 GC heap before
{Heap before GC invocations=15 (full 3):
 PSYoungGen      total 475136K, used 446699K [0x00000000e0000000, 0x0000000100000000, 0x0000000100000000)
  eden space 447488K, 99% used [0x00000000e0000000,0x00000000fb2b2c08,0x00000000fb500000)
  from space 27648K, 5% used [0x00000000fb500000,0x00000000fb688000,0x00000000fd000000)
  to   space 28160K, 0% used [0x00000000fe480000,0x00000000fe480000,0x0000000100000000)
 ParOldGen       total 120320K, used 44556K [0x00000000a0000000, 0x00000000a7580000, 0x00000000e0000000)
  object space 120320K, 37% used [0x00000000a0000000,0x00000000a2b83080,0x00000000a7580000)
 Metaspace       used 74534K, capacity 78240K, committed 78552K, reserved 1116160K
  class space    used 10141K, capacity 10855K, committed 10968K, reserved 1048576K
Event: 27.965 GC heap after
Heap after GC invocations=15 (full 3):
 PSYoungGen      total 495104K, used 7752K [0x00000000e0000000, 0x00000000ffe80000, 0x0000000100000000)
  eden space 468480K, 0% used [0x00000000e0000000,0x00000000e0000000,0x00000000fc980000)
  from space 26624K, 29% used [0x00000000fe480000,0x00000000fec12238,0x00000000ffe80000)
  to   space 27136K, 0% used [0x00000000fc980000,0x00000000fc980000,0x00000000fe400000)
 ParOldGen       total 120320K, used 44564K [0x00000000a0000000, 0x00000000a7580000, 0x00000000e0000000)
  object space 120320K, 37% used [0x00000000a0000000,0x00000000a2b85080,0x00000000a7580000)
 Metaspace       used 74534K, capacity 78240K, committed 78552K, reserved 1116160K
  class space    used 10141K, capacity 10855K, committed 10968K, reserved 1048576K
}
Event: 532.384 GC heap before
{Heap before GC invocations=16 (full 3):
 PSYoungGen      total 495104K, used 432923K [0x00000000e0000000, 0x00000000ffe80000, 0x0000000100000000)
  eden space 468480K, 90% used [0x00000000e0000000,0x00000000f9f34bc0,0x00000000fc980000)
  from space 26624K, 29% used [0x00000000fe480000,0x00000000fec12238,0x00000000ffe80000)
  to   space 27136K, 0% used [0x00000000fc980000,0x00000000fc980000,0x00000000fe400000)
 ParOldGen       total 120320K, used 44564K [0x00000000a0000000, 0x00000000a7580000, 0x00000000e0000000)
  object space 120320K, 37% used [0x00000000a0000000,0x00000000a2b85080,0x00000000a7580000)
 Metaspace       used 93444K, capacity 98362K, committed 98496K, reserved 1134592K
  class space    used 12320K, capacity 13283K, committed 13400K, reserved 1048576K
Event: 532.497 GC heap after
Heap after GC invocations=16 (full 3):
 PSYoungGen      total 495616K, used 27128K [0x00000000e0000000, 0x0000000100000000, 0x0000000100000000)
  eden space 468480K, 0% used [0x00000000e0000000,0x00000000e0000000,0x00000000fc980000)
  from space 27136K, 99% used [0x00000000fc980000,0x00000000fe3fe260,0x00000000fe400000)
  to   space 28672K, 0% used [0x00000000fe400000,0x00000000fe400000,0x0000000100000000)
 ParOldGen       total 120320K, used 57674K [0x00000000a0000000, 0x00000000a7580000, 0x00000000e0000000)
  object space 120320K, 47% used [0x00000000a0000000,0x00000000a38529d8,0x00000000a7580000)
 Metaspace       used 93444K, capacity 98362K, committed 98496K, reserved 1134592K
  class space    used 12320K, capacity 13283K, committed 13400K, reserved 1048576K
}
Event: 532.497 GC heap before
{Heap before GC invocations=17 (full 4):
 PSYoungGen      total 495616K, used 27128K [0x00000000e0000000, 0x0000000100000000, 0x0000000100000000)
  eden space 468480K, 0% used [0x00000000e0000000,0x00000000e0000000,0x00000000fc980000)
  from space 27136K, 99% used [0x00000000fc980000,0x00000000fe3fe260,0x00000000fe400000)
  to   space 28672K, 0% used [0x00000000fe400000,0x00000000fe400000,0x0000000100000000)
 ParOldGen       total 120320K, used 57674K [0x00000000a0000000, 0x00000000a7580000, 0x00000000e0000000)
  object space 120320K, 47% used [0x00000000a0000000,0x00000000a38529d8,0x00000000a7580000)
 Metaspace       used 93444K, capacity 98362K, committed 98496K, reserved 1134592K
  class space    used 12320K, capacity 13283K, committed 13400K, reserved 1048576K
Event: 532.753 GC heap after
Heap after GC invocations=17 (full 4):
 PSYoungGen      total 495616K, used 0K [0x00000000e0000000, 0x0000000100000000, 0x0000000100000000)
  eden space 468480K, 0% used [0x00000000e0000000,0x00000000e0000000,0x00000000fc980000)
  from space 27136K, 0% used [0x00000000fc980000,0x00000000fc980000,0x00000000fe400000)
  to   space 28672K, 0% used [0x00000000fe400000,0x00000000fe400000,0x0000000100000000)
 ParOldGen       total 190976K, used 67305K [0x00000000a0000000, 0x00000000aba80000, 0x00000000e0000000)
  object space 190976K, 35% used [0x00000000a0000000,0x00000000a41ba7a0,0x00000000aba80000)
 Metaspace       used 93157K, capacity 97604K, committed 98496K, reserved 1134592K
  class space    used 12225K, capacity 13124K, committed 13400K, reserved 1048576K
}

