# JRE version: OpenJDK Runtime Environment (8.0_212-b04) (build 1.8.0_212-release-1586-b04)
# Java VM: OpenJDK 64-Bit Server VM (25.212-b04 mixed mode windows-amd64 compressed oops)
Heap:
 PSYoungGen      total 239104K, used 214353K [0x00000000e0000000, 0x00000000f1380000, 0x0000000100000000)
  eden space 198656K, 94% used [0x00000000e0000000,0x00000000eb815f78,0x00000000ec200000)
  from space 40448K, 63% used [0x00000000ec200000,0x00000000edb3e7b0,0x00000000ee980000)
  to   space 37888K, 0% used [0x00000000eee80000,0x00000000eee80000,0x00000000f1380000)
 ParOldGen       total 179712K, used 33938K [0x00000000a0000000, 0x00000000aaf80000, 0x00000000e0000000)
  object space 179712K, 18% used [0x00000000a0000000,0x00000000a2124bc8,0x00000000aaf80000)
 Metaspace       used 99831K, capacity 106024K, committed 106712K, reserved 1142784K
  class space    used 12792K, capacity 13812K, committed 14040K, reserved 1048576K
GC Heap History (10 events):
Event: 12510.796 GC heap before
{Heap before GC invocations=25 (full 3):
 PSYoungGen      total 218624K, used 73753K [0x00000000e0000000, 0x00000000f1800000, 0x0000000100000000)
  eden space 205824K, 29% used [0x00000000e0000000,0x00000000e3baaef0,0x00000000ec900000)
  from space 12800K, 98% used [0x00000000ed000000,0x00000000edc5b640,0x00000000edc80000)
  to   space 40448K, 0% used [0x00000000ef080000,0x00000000ef080000,0x00000000f1800000)
 ParOldGen       total 125952K, used 65854K [0x00000000a0000000, 0x00000000a7b00000, 0x00000000e0000000)
  object space 125952K, 52% used [0x00000000a0000000,0x00000000a404fa68,0x00000000a7b00000)
 Metaspace       used 92367K, capacity 98462K, committed 98496K, reserved 1134592K
  class space    used 12093K, capacity 13136K, committed 13144K, reserved 1048576K
Event: 12510.843 GC heap after
Heap after GC invocations=25 (full 3):
 PSYoungGen      total 231936K, used 4731K [0x00000000e0000000, 0x00000000f1100000, 0x0000000100000000)
  eden space 198656K, 0% used [0x00000000e0000000,0x00000000e0000000,0x00000000ec200000)
  from space 33280K, 14% used [0x00000000ef080000,0x00000000ef51ef60,0x00000000f1100000)
  to   space 40448K, 0% used [0x00000000ec200000,0x00000000ec200000,0x00000000ee980000)
 ParOldGen       total 125952K, used 65862K [0x00000000a0000000, 0x00000000a7b00000, 0x00000000e0000000)
  object space 125952K, 52% used [0x00000000a0000000,0x00000000a4051a68,0x00000000a7b00000)
 Metaspace       used 92367K, capacity 98462K, committed 98496K, reserved 1134592K
  class space    used 12093K, capacity 13136K, committed 13144K, reserved 1048576K
}
Event: 12510.843 GC heap before
{Heap before GC invocations=26 (full 4):
 PSYoungGen      total 231936K, used 4731K [0x00000000e0000000, 0x00000000f1100000, 0x0000000100000000)
  eden space 198656K, 0% used [0x00000000e0000000,0x00000000e0000000,0x00000000ec200000)
  from space 33280K, 14% used [0x00000000ef080000,0x00000000ef51ef60,0x00000000f1100000)
  to   space 40448K, 0% used [0x00000000ec200000,0x00000000ec200000,0x00000000ee980000)
 ParOldGen       total 125952K, used 65862K [0x00000000a0000000, 0x00000000a7b00000, 0x00000000e0000000)
  object space 125952K, 52% used [0x00000000a0000000,0x00000000a4051a68,0x00000000a7b00000)
 Metaspace       used 92367K, capacity 98462K, committed 98496K, reserved 1134592K
  class space    used 12093K, capacity 13136K, committed 13144K, reserved 1048576K
Event: 12517.233 GC heap after
Heap after GC invocations=26 (full 4):
 PSYoungGen      total 231936K, used 0K [0x00000000e0000000, 0x00000000f1100000, 0x0000000100000000)
  eden space 198656K, 0% used [0x00000000e0000000,0x00000000e0000000,0x00000000ec200000)
  from space 33280K, 0% used [0x00000000ef080000,0x00000000ef080000,0x00000000f1100000)
  to   space 40448K, 0% used [0x00000000ec200000,0x00000000ec200000,0x00000000ee980000)
 ParOldGen       total 179712K, used 33914K [0x00000000a0000000, 0x00000000aaf80000, 0x00000000e0000000)
  object space 179712K, 18% used [0x00000000a0000000,0x00000000a211ebc8,0x00000000aaf80000)
 Metaspace       used 90574K, capacity 95472K, committed 98496K, reserved 1134592K
  class space    used 11749K, capacity 12557K, committed 13144K, reserved 1048576K
}
Event: 12523.475 GC heap before
{Heap before GC invocations=27 (full 4):
 PSYoungGen      total 231936K, used 198656K [0x00000000e0000000, 0x00000000f1100000, 0x0000000100000000)
  eden space 198656K, 100% used [0x00000000e0000000,0x00000000ec200000,0x00000000ec200000)
  from space 33280K, 0% used [0x00000000ef080000,0x00000000ef080000,0x00000000f1100000)
  to   space 40448K, 0% used [0x00000000ec200000,0x00000000ec200000,0x00000000ee980000)
 ParOldGen       total 179712K, used 33914K [0x00000000a0000000, 0x00000000aaf80000, 0x00000000e0000000)
  object space 179712K, 18% used [0x00000000a0000000,0x00000000a211ebc8,0x00000000aaf80000)
 Metaspace       used 96972K, capacity 102536K, committed 104408K, reserved 1140736K
  class space    used 12498K, capacity 13434K, committed 13784K, reserved 1048576K
Event: 12523.519 GC heap after
Heap after GC invocations=27 (full 4):
 PSYoungGen      total 239104K, used 15824K [0x00000000e0000000, 0x00000000f1380000, 0x0000000100000000)
  eden space 198656K, 0% used [0x00000000e0000000,0x00000000e0000000,0x00000000ec200000)
  from space 40448K, 39% used [0x00000000ec200000,0x00000000ed1740f0,0x00000000ee980000)
  to   space 37888K, 0% used [0x00000000eee80000,0x00000000eee80000,0x00000000f1380000)
 ParOldGen       total 179712K, used 33922K [0x00000000a0000000, 0x00000000aaf80000, 0x00000000e0000000)
  object space 179712K, 18% used [0x00000000a0000000,0x00000000a2120bc8,0x00000000aaf80000)
 Metaspace       used 96972K, capacity 102536K, committed 104408K, reserved 1140736K
  class space    used 12498K, capacity 13434K, committed 13784K, reserved 1048576K
}
Event: 12526.724 GC heap before
{Heap before GC invocations=28 (full 4):
 PSYoungGen      total 239104K, used 214480K [0x00000000e0000000, 0x00000000f1380000, 0x0000000100000000)
  eden space 198656K, 100% used [0x00000000e0000000,0x00000000ec200000,0x00000000ec200000)
  from space 40448K, 39% used [0x00000000ec200000,0x00000000ed1740f0,0x00000000ee980000)
  to   space 37888K, 0% used [0x00000000eee80000,0x00000000eee80000,0x00000000f1380000)
 ParOldGen       total 179712K, used 33922K [0x00000000a0000000, 0x00000000aaf80000, 0x00000000e0000000)
  object space 179712K, 18% used [0x00000000a0000000,0x00000000a2120bc8,0x00000000aaf80000)
 Metaspace       used 98819K, capacity 104914K, committed 105560K, reserved 1140736K
  class space    used 12701K, capacity 13711K, committed 13912K, reserved 1048576K
Event: 12527.101 GC heap after
Heap after GC invocations=28 (full 4):
 PSYoungGen      total 236544K, used 29832K [0x00000000e0000000, 0x00000000f1380000, 0x0000000100000000)
  eden space 198656K, 0% used [0x00000000e0000000,0x00000000e0000000,0x00000000ec200000)
  from space 37888K, 78% used [0x00000000eee80000,0x00000000f0ba23c0,0x00000000f1380000)
  to   space 40448K, 0% used [0x00000000ec200000,0x00000000ec200000,0x00000000ee980000)
 ParOldGen       total 179712K, used 33930K [0x00000000a0000000, 0x00000000aaf80000, 0x00000000e0000000)
  object space 179712K, 18% used [0x00000000a0000000,0x00000000a2122bc8,0x00000000aaf80000)
 Metaspace       used 98819K, capacity 104914K, committed 105560K, reserved 1140736K
  class space    used 12701K, capacity 13711K, committed 13912K, reserved 1048576K
}
Event: 12527.953 GC heap before
{Heap before GC invocations=29 (full 4):
 PSYoungGen      total 236544K, used 228488K [0x00000000e0000000, 0x00000000f1380000, 0x0000000100000000)
  eden space 198656K, 100% used [0x00000000e0000000,0x00000000ec200000,0x00000000ec200000)
  from space 37888K, 78% used [0x00000000eee80000,0x00000000f0ba23c0,0x00000000f1380000)
  to   space 40448K, 0% used [0x00000000ec200000,0x00000000ec200000,0x00000000ee980000)
 ParOldGen       total 179712K, used 33930K [0x00000000a0000000, 0x00000000aaf80000, 0x00000000e0000000)
  object space 179712K, 18% used [0x00000000a0000000,0x00000000a2122bc8,0x00000000aaf80000)
 Metaspace       used 99559K, capacity 105694K, committed 106328K, reserved 1142784K
  class space    used 12751K, capacity 13755K, committed 13912K, reserved 1048576K
Event: 12527.974 GC heap after
Heap after GC invocations=29 (full 4):
 PSYoungGen      total 239104K, used 25849K [0x00000000e0000000, 0x00000000f1380000, 0x0000000100000000)
  eden space 198656K, 0% used [0x00000000e0000000,0x00000000e0000000,0x00000000ec200000)
  from space 40448K, 63% used [0x00000000ec200000,0x00000000edb3e7b0,0x00000000ee980000)
  to   space 37888K, 0% used [0x00000000eee80000,0x00000000eee80000,0x00000000f1380000)
 ParOldGen       total 179712K, used 33938K [0x00000000a0000000, 0x00000000aaf80000, 0x00000000e0000000)
  object space 179712K, 18% used [0x00000000a0000000,0x00000000a2124bc8,0x00000000aaf80000)
 Metaspace       used 99559K, capacity 105694K, committed 106328K, reserved 1142784K
  class space    used 12751K, capacity 13755K, committed 13912K, reserved 1048576K
}

