# JRE version: OpenJDK Runtime Environment (8.0_212-b04) (build 1.8.0_212-release-1586-b04)
# Java VM: OpenJDK 64-Bit Server VM (25.212-b04 mixed mode windows-amd64 compressed oops)
Heap:
 PSYoungGen      total 317440K, used 310783K [0x00000000e0000000, 0x00000000f9580000, 0x0000000100000000)
  eden space 276480K, 97% used [0x00000000e0000000,0x00000000f0780760,0x00000000f0e00000)
  from space 40960K, 99% used [0x00000000f6d80000,0x00000000f957f888,0x00000000f9580000)
  to   space 56320K, 0% used [0x00000000f2780000,0x00000000f2780000,0x00000000f5e80000)
 ParOldGen       total 128512K, used 97713K [0x00000000a0000000, 0x00000000a7d80000, 0x00000000e0000000)
  object space 128512K, 76% used [0x00000000a0000000,0x00000000a5f6c660,0x00000000a7d80000)
 Metaspace       used 86292K, capacity 90220K, committed 90328K, reserved 1128448K
  class space    used 11410K, capacity 12205K, committed 12248K, reserved 1048576K
GC Heap History (10 events):
Event: 8.026 GC heap before
{Heap before GC invocations=13 (full 3):
 PSYoungGen      total 268288K, used 18957K [0x00000000e0000000, 0x00000000f2380000, 0x0000000100000000)
  eden space 248320K, 0% used [0x00000000e0000000,0x00000000e0000000,0x00000000ef280000)
  from space 19968K, 94% used [0x00000000f0880000,0x00000000f1b037f0,0x00000000f1c00000)
  to   space 22528K, 0% used [0x00000000ef280000,0x00000000ef280000,0x00000000f0880000)
 ParOldGen       total 87040K, used 26464K [0x00000000a0000000, 0x00000000a5500000, 0x00000000e0000000)
  object space 87040K, 30% used [0x00000000a0000000,0x00000000a19d8180,0x00000000a5500000)
 Metaspace       used 57077K, capacity 59048K, committed 59096K, reserved 1099776K
  class space    used 7888K, capacity 8361K, committed 8408K, reserved 1048576K
Event: 8.190 GC heap after
Heap after GC invocations=13 (full 3):
 PSYoungGen      total 268288K, used 0K [0x00000000e0000000, 0x00000000f2380000, 0x0000000100000000)
  eden space 248320K, 0% used [0x00000000e0000000,0x00000000e0000000,0x00000000ef280000)
  from space 19968K, 0% used [0x00000000f0880000,0x00000000f0880000,0x00000000f1c00000)
  to   space 22528K, 0% used [0x00000000ef280000,0x00000000ef280000,0x00000000f0880000)
 ParOldGen       total 128512K, used 32664K [0x00000000a0000000, 0x00000000a7d80000, 0x00000000e0000000)
  object space 128512K, 25% used [0x00000000a0000000,0x00000000a1fe6210,0x00000000a7d80000)
 Metaspace       used 57050K, capacity 58976K, committed 59096K, reserved 1099776K
  class space    used 7880K, capacity 8345K, committed 8408K, reserved 1048576K
}
Event: 1087.518 GC heap before
{Heap before GC invocations=14 (full 3):
 PSYoungGen      total 268288K, used 248320K [0x00000000e0000000, 0x00000000f2380000, 0x0000000100000000)
  eden space 248320K, 100% used [0x00000000e0000000,0x00000000ef280000,0x00000000ef280000)
  from space 19968K, 0% used [0x00000000f0880000,0x00000000f0880000,0x00000000f1c00000)
  to   space 22528K, 0% used [0x00000000ef280000,0x00000000ef280000,0x00000000f0880000)
 ParOldGen       total 128512K, used 32664K [0x00000000a0000000, 0x00000000a7d80000, 0x00000000e0000000)
  object space 128512K, 25% used [0x00000000a0000000,0x00000000a1fe6210,0x00000000a7d80000)
 Metaspace       used 67058K, capacity 69514K, committed 69720K, reserved 1110016K
  class space    used 9010K, capacity 9528K, committed 9560K, reserved 1048576K
Event: 1087.536 GC heap after
Heap after GC invocations=14 (full 3):
 PSYoungGen      total 270848K, used 19739K [0x00000000e0000000, 0x00000000f5780000, 0x0000000100000000)
  eden space 248320K, 0% used [0x00000000e0000000,0x00000000e0000000,0x00000000ef280000)
  from space 22528K, 87% used [0x00000000ef280000,0x00000000f05c6e00,0x00000000f0880000)
  to   space 25088K, 0% used [0x00000000f3f00000,0x00000000f3f00000,0x00000000f5780000)
 ParOldGen       total 128512K, used 32672K [0x00000000a0000000, 0x00000000a7d80000, 0x00000000e0000000)
  object space 128512K, 25% used [0x00000000a0000000,0x00000000a1fe8210,0x00000000a7d80000)
 Metaspace       used 67058K, capacity 69514K, committed 69720K, reserved 1110016K
  class space    used 9010K, capacity 9528K, committed 9560K, reserved 1048576K
}
Event: 1096.090 GC heap before
{Heap before GC invocations=15 (full 3):
 PSYoungGen      total 270848K, used 268059K [0x00000000e0000000, 0x00000000f5780000, 0x0000000100000000)
  eden space 248320K, 100% used [0x00000000e0000000,0x00000000ef280000,0x00000000ef280000)
  from space 22528K, 87% used [0x00000000ef280000,0x00000000f05c6e00,0x00000000f0880000)
  to   space 25088K, 0% used [0x00000000f3f00000,0x00000000f3f00000,0x00000000f5780000)
 ParOldGen       total 128512K, used 32672K [0x00000000a0000000, 0x00000000a7d80000, 0x00000000e0000000)
  object space 128512K, 25% used [0x00000000a0000000,0x00000000a1fe8210,0x00000000a7d80000)
 Metaspace       used 82764K, capacity 86054K, committed 86360K, reserved 1124352K
  class space    used 11156K, capacity 11822K, committed 11864K, reserved 1048576K
Event: 1096.148 GC heap after
Heap after GC invocations=15 (full 3):
 PSYoungGen      total 312320K, used 25059K [0x00000000e0000000, 0x00000000f6e80000, 0x0000000100000000)
  eden space 287232K, 0% used [0x00000000e0000000,0x00000000e0000000,0x00000000f1880000)
  from space 25088K, 99% used [0x00000000f3f00000,0x00000000f5778da8,0x00000000f5780000)
  to   space 39424K, 0% used [0x00000000f1880000,0x00000000f1880000,0x00000000f3f00000)
 ParOldGen       total 128512K, used 62571K [0x00000000a0000000, 0x00000000a7d80000, 0x00000000e0000000)
  object space 128512K, 48% used [0x00000000a0000000,0x00000000a3d1ae90,0x00000000a7d80000)
 Metaspace       used 82764K, capacity 86054K, committed 86360K, reserved 1124352K
  class space    used 11156K, capacity 11822K, committed 11864K, reserved 1048576K
}
Event: 1165.826 GC heap before
{Heap before GC invocations=16 (full 3):
 PSYoungGen      total 312320K, used 312291K [0x00000000e0000000, 0x00000000f6e80000, 0x0000000100000000)
  eden space 287232K, 100% used [0x00000000e0000000,0x00000000f1880000,0x00000000f1880000)
  from space 25088K, 99% used [0x00000000f3f00000,0x00000000f5778da8,0x00000000f5780000)
  to   space 39424K, 0% used [0x00000000f1880000,0x00000000f1880000,0x00000000f3f00000)
 ParOldGen       total 128512K, used 62571K [0x00000000a0000000, 0x00000000a7d80000, 0x00000000e0000000)
  object space 128512K, 48% used [0x00000000a0000000,0x00000000a3d1ae90,0x00000000a7d80000)
 Metaspace       used 85186K, capacity 88948K, committed 89304K, reserved 1126400K
  class space    used 11367K, capacity 12131K, committed 12248K, reserved 1048576K
Event: 1165.868 GC heap after
Heap after GC invocations=16 (full 3):
 PSYoungGen      total 326656K, used 26061K [0x00000000e0000000, 0x00000000f9580000, 0x0000000100000000)
  eden space 287232K, 0% used [0x00000000e0000000,0x00000000e0000000,0x00000000f1880000)
  from space 39424K, 66% used [0x00000000f1880000,0x00000000f31f34f8,0x00000000f3f00000)
  to   space 40960K, 0% used [0x00000000f6d80000,0x00000000f6d80000,0x00000000f9580000)
 ParOldGen       total 128512K, used 73987K [0x00000000a0000000, 0x00000000a7d80000, 0x00000000e0000000)
  object space 128512K, 57% used [0x00000000a0000000,0x00000000a4840f70,0x00000000a7d80000)
 Metaspace       used 85186K, capacity 88948K, committed 89304K, reserved 1126400K
  class space    used 11367K, capacity 12131K, committed 12248K, reserved 1048576K
}
Event: 1281.118 GC heap before
{Heap before GC invocations=17 (full 3):
 PSYoungGen      total 326656K, used 313293K [0x00000000e0000000, 0x00000000f9580000, 0x0000000100000000)
  eden space 287232K, 100% used [0x00000000e0000000,0x00000000f1880000,0x00000000f1880000)
  from space 39424K, 66% used [0x00000000f1880000,0x00000000f31f34f8,0x00000000f3f00000)
  to   space 40960K, 0% used [0x00000000f6d80000,0x00000000f6d80000,0x00000000f9580000)
 ParOldGen       total 128512K, used 73987K [0x00000000a0000000, 0x00000000a7d80000, 0x00000000e0000000)
  object space 128512K, 57% used [0x00000000a0000000,0x00000000a4840f70,0x00000000a7d80000)
 Metaspace       used 85907K, capacity 89888K, committed 90072K, reserved 1126400K
  class space    used 11401K, capacity 12191K, committed 12248K, reserved 1048576K
Event: 1281.209 GC heap after
Heap after GC invocations=17 (full 3):
 PSYoungGen      total 317440K, used 40958K [0x00000000e0000000, 0x00000000f9580000, 0x0000000100000000)
  eden space 276480K, 0% used [0x00000000e0000000,0x00000000e0000000,0x00000000f0e00000)
  from space 40960K, 99% used [0x00000000f6d80000,0x00000000f957f888,0x00000000f9580000)
  to   space 56320K, 0% used [0x00000000f2780000,0x00000000f2780000,0x00000000f5e80000)
 ParOldGen       total 128512K, used 97713K [0x00000000a0000000, 0x00000000a7d80000, 0x00000000e0000000)
  object space 128512K, 76% used [0x00000000a0000000,0x00000000a5f6c660,0x00000000a7d80000)
 Metaspace       used 85907K, capacity 89888K, committed 90072K, reserved 1126400K
  class space    used 11401K, capacity 12191K, committed 12248K, reserved 1048576K
}

